<?xml version="1.0" encoding="UTF-8"?>
<!-- Generated by org.testng.reporters.JUnitXMLReporter -->
<testsuite ignored="2" hostname="MSI" failures="0" tests="2" name="Test" time="0.089" errors="0" timestamp="2026-03-24T22:27:57 IST">
  <testcase classname="roughWork.OmnicChannelNew" name="test2" time="0.014"/>
  <testcase classname="roughWork.OmnicChannelNew" name="test4" time="0.001"/>
  <testcase classname="roughWork.OmnicChannelNew" name="test1" time="0.0">
    <ignored/>
  </testcase> <!-- test1 -->
  <testcase classname="roughWork.OmnicChannelNew" name="test3" time="0.0">
    <ignored/>
  </testcase> <!-- test3 -->
</testsuite> <!-- Test -->
