<?xml version="1.0" encoding="UTF-8"?>
<testng-results ignored="0" total="5" passed="3" failed="2" skipped="0">
  <reporter-output>
  </reporter-output>
  <suite started-at="2026-03-26T11:37:22 IST" name="Default suite" finished-at="2026-03-26T11:37:42 IST" duration-ms="19330">
    <groups>
    </groups>
    <test started-at="2026-03-26T11:37:22 IST" name="Default test" finished-at="2026-03-26T11:37:42 IST" duration-ms="19330">
      <class name="roughWork.Interview1">
        <test-method is-config="true" signature="envSetup()[pri:0, instance:roughWork.Interview1@19932c16]" started-at="2026-03-26T11:37:22 IST" name="envSetup" finished-at="2026-03-26T11:37:30 IST" duration-ms="7662" status="PASS">
          <reporter-output>
          </reporter-output>
        </test-method> <!-- envSetup -->
        <test-method signature="destinationCity()[pri:0, instance:roughWork.Interview1@19932c16]" started-at="2026-03-26T11:37:30 IST" name="destinationCity" finished-at="2026-03-26T11:37:35 IST" duration-ms="5131" status="FAIL">
          <exception class="java.lang.ClassCastException">
            <message>
              <![CDATA[class org.openqa.selenium.chrome.ChromeDriver cannot be cast to class org.openqa.selenium.support.ui.Select (org.openqa.selenium.chrome.ChromeDriver and org.openqa.selenium.support.ui.Select are in unnamed module of loader 'app')]]>
            </message>
            <full-stacktrace>
              <![CDATA[java.lang.ClassCastException: class org.openqa.selenium.chrome.ChromeDriver cannot be cast to class org.openqa.selenium.support.ui.Select (org.openqa.selenium.chrome.ChromeDriver and org.openqa.selenium.support.ui.Select are in unnamed module of loader 'app')
at roughWork.Interview1.destinationCity(Interview1.java:36)
at java.base/jdk.internal.reflect.DirectMethodHandleAccessor.invoke(DirectMethodHandleAccessor.java:103)
at java.base/java.lang.reflect.Method.invoke(Method.java:580)
at org.testng.internal.invokers.MethodInvocationHelper.invokeMethod(MethodInvocationHelper.java:141)
at org.testng.internal.invokers.TestInvoker.invokeMethod(TestInvoker.java:686)
at org.testng.internal.invokers.TestInvoker.invokeTestMethod(TestInvoker.java:230)
at org.testng.internal.invokers.MethodRunner.runInSequence(MethodRunner.java:63)
at org.testng.internal.invokers.TestInvoker$MethodInvocationAgent.invoke(TestInvoker.java:992)
at org.testng.internal.invokers.TestInvoker.invokeTestMethods(TestInvoker.java:203)
at org.testng.internal.invokers.TestMethodWorker.invokeTestMethods(TestMethodWorker.java:154)
at org.testng.internal.invokers.TestMethodWorker.run(TestMethodWorker.java:134)
at java.base/java.util.ArrayList.forEach(ArrayList.java:1596)
at org.testng.TestRunner.privateRun(TestRunner.java:739)
at org.testng.TestRunner.run(TestRunner.java:614)
at org.testng.SuiteRunner.runTest(SuiteRunner.java:421)
at org.testng.SuiteRunner.runSequentially(SuiteRunner.java:413)
at org.testng.SuiteRunner.privateRun(SuiteRunner.java:373)
at org.testng.SuiteRunner.run(SuiteRunner.java:312)
at org.testng.SuiteRunnerWorker.runSuite(SuiteRunnerWorker.java:52)
at org.testng.SuiteRunnerWorker.run(SuiteRunnerWorker.java:95)
at org.testng.TestNG.runSuitesSequentially(TestNG.java:1274)
at org.testng.TestNG.runSuitesLocally(TestNG.java:1208)
at org.testng.TestNG.runSuites(TestNG.java:1112)
at org.testng.TestNG.run(TestNG.java:1079)
at org.testng.remote.AbstractRemoteTestNG.run(AbstractRemoteTestNG.java:115)
at org.testng.remote.RemoteTestNG.initAndRun(RemoteTestNG.java:293)
at org.testng.remote.RemoteTestNG.main(RemoteTestNG.java:91)
]]>
            </full-stacktrace>
          </exception> <!-- java.lang.ClassCastException -->
          <reporter-output>
          </reporter-output>
        </test-method> <!-- destinationCity -->
        <test-method signature="departureCity()[pri:1, instance:roughWork.Interview1@19932c16]" started-at="2026-03-26T11:37:35 IST" name="departureCity" finished-at="2026-03-26T11:37:40 IST" duration-ms="5086" status="FAIL">
          <exception class="java.lang.ClassCastException">
            <message>
              <![CDATA[class org.openqa.selenium.chrome.ChromeDriver cannot be cast to class org.openqa.selenium.support.ui.Select (org.openqa.selenium.chrome.ChromeDriver and org.openqa.selenium.support.ui.Select are in unnamed module of loader 'app')]]>
            </message>
            <full-stacktrace>
              <![CDATA[java.lang.ClassCastException: class org.openqa.selenium.chrome.ChromeDriver cannot be cast to class org.openqa.selenium.support.ui.Select (org.openqa.selenium.chrome.ChromeDriver and org.openqa.selenium.support.ui.Select are in unnamed module of loader 'app')
at roughWork.Interview1.departureCity(Interview1.java:27)
at java.base/jdk.internal.reflect.DirectMethodHandleAccessor.invoke(DirectMethodHandleAccessor.java:103)
at java.base/java.lang.reflect.Method.invoke(Method.java:580)
at org.testng.internal.invokers.MethodInvocationHelper.invokeMethod(MethodInvocationHelper.java:141)
at org.testng.internal.invokers.TestInvoker.invokeMethod(TestInvoker.java:686)
at org.testng.internal.invokers.TestInvoker.invokeTestMethod(TestInvoker.java:230)
at org.testng.internal.invokers.MethodRunner.runInSequence(MethodRunner.java:63)
at org.testng.internal.invokers.TestInvoker$MethodInvocationAgent.invoke(TestInvoker.java:992)
at org.testng.internal.invokers.TestInvoker.invokeTestMethods(TestInvoker.java:203)
at org.testng.internal.invokers.TestMethodWorker.invokeTestMethods(TestMethodWorker.java:154)
at org.testng.internal.invokers.TestMethodWorker.run(TestMethodWorker.java:134)
at java.base/java.util.ArrayList.forEach(ArrayList.java:1596)
at org.testng.TestRunner.privateRun(TestRunner.java:739)
at org.testng.TestRunner.run(TestRunner.java:614)
at org.testng.SuiteRunner.runTest(SuiteRunner.java:421)
at org.testng.SuiteRunner.runSequentially(SuiteRunner.java:413)
at org.testng.SuiteRunner.privateRun(SuiteRunner.java:373)
at org.testng.SuiteRunner.run(SuiteRunner.java:312)
at org.testng.SuiteRunnerWorker.runSuite(SuiteRunnerWorker.java:52)
at org.testng.SuiteRunnerWorker.run(SuiteRunnerWorker.java:95)
at org.testng.TestNG.runSuitesSequentially(TestNG.java:1274)
at org.testng.TestNG.runSuitesLocally(TestNG.java:1208)
at org.testng.TestNG.runSuites(TestNG.java:1112)
at org.testng.TestNG.run(TestNG.java:1079)
at org.testng.remote.AbstractRemoteTestNG.run(AbstractRemoteTestNG.java:115)
at org.testng.remote.RemoteTestNG.initAndRun(RemoteTestNG.java:293)
at org.testng.remote.RemoteTestNG.main(RemoteTestNG.java:91)
]]>
            </full-stacktrace>
          </exception> <!-- java.lang.ClassCastException -->
          <reporter-output>
          </reporter-output>
        </test-method> <!-- departureCity -->
        <test-method signature="submitClick()[pri:2, instance:roughWork.Interview1@19932c16]" started-at="2026-03-26T11:37:40 IST" name="submitClick" finished-at="2026-03-26T11:37:41 IST" duration-ms="272" status="PASS">
          <reporter-output>
          </reporter-output>
        </test-method> <!-- submitClick -->
        <test-method signature="validateFlightList()[pri:3, instance:roughWork.Interview1@19932c16]" started-at="2026-03-26T11:37:41 IST" name="validateFlightList" finished-at="2026-03-26T11:37:42 IST" duration-ms="932" status="PASS">
          <reporter-output>
          </reporter-output>
        </test-method> <!-- validateFlightList -->
        <test-method signature="assertValidation()[pri:4, instance:roughWork.Interview1@19932c16]" started-at="2026-03-26T11:37:42 IST" name="assertValidation" finished-at="2026-03-26T11:37:42 IST" duration-ms="81" status="PASS">
          <reporter-output>
          </reporter-output>
        </test-method> <!-- assertValidation -->
      </class> <!-- roughWork.Interview1 -->
    </test> <!-- Default test -->
  </suite> <!-- Default suite -->
</testng-results>
