<?xml version="1.0" encoding="UTF-8"?>
<!-- Generated by org.testng.reporters.JUnitReportReporter -->
<testsuite hostname="MSI" failures="0" tests="4" name="roughWork.RoughWork2" time="14.338" errors="0" timestamp="2026-03-31T18:39:31 IST" skipped="0">
  <testcase classname="roughWork.RoughWork2" name="launchWebsite" time="0.819"/>
  <testcase classname="roughWork.RoughWork2" name="categroyButtonValidate" time="0.125"/>
  <testcase classname="roughWork.RoughWork2" name="categoryButtonClick" time="13.212"/>
  <testcase classname="roughWork.RoughWork2" name="optionButtonClick" time="0.182"/>
</testsuite> <!-- roughWork.RoughWork2 -->
