<?xml version="1.0" encoding="UTF-8"?>
<!-- Generated by org.testng.reporters.JUnitReportReporter -->
<testsuite hostname="MSI" failures="0" tests="10" name="testcasePackage.LiciousHomePageTest" time="123.648" errors="0" timestamp="2026-03-31T21:54:56 IST" skipped="0">
  <testcase classname="testcasePackage.LiciousHomePageTest" name="categoryDisplayTest" time="6.750"/>
  <system-out/>
  <testcase classname="testcasePackage.LiciousHomePageTest" name="storesDisplayTest" time="5.996"/>
  <system-out/>
  <testcase classname="testcasePackage.LiciousHomePageTest" name="labReportsDisplayTest" time="9.987"/>
  <system-out/>
  <testcase classname="testcasePackage.LiciousHomePageTest" name="loginDisplayTest" time="9.518"/>
  <system-out/>
  <testcase classname="testcasePackage.LiciousHomePageTest" name="cartButtonDisplayTest" time="22.423"/>
  <system-out/>
  <testcase classname="testcasePackage.LiciousHomePageTest" name="cartButtonclickTest" time="13.804"/>
  <system-out/>
  <testcase classname="testcasePackage.LiciousHomePageTest" name="categoryButtonclickTest" time="7.458"/>
  <system-out/>
  <testcase classname="testcasePackage.LiciousHomePageTest" name="storesButtonclickTest" time="4.743"/>
  <system-out/>
  <testcase classname="testcasePackage.LiciousHomePageTest" name="labReportsButtonclickTest" time="11.748"/>
  <system-out/>
  <testcase classname="testcasePackage.LiciousHomePageTest" name="loginButtonclickTest" time="31.221"/>
  <system-out/>
</testsuite> <!-- testcasePackage.LiciousHomePageTest -->
