<?xml version="1.0" encoding="UTF-8"?>
<!-- Generated by org.testng.reporters.JUnitReportReporter -->
<testsuite hostname="MSI" failures="0" tests="2" name="testcasePackage.LiciousCategoryTest" time="50.250" errors="0" timestamp="2026-03-31T19:37:49 IST" skipped="0">
  <testcase classname="testcasePackage.LiciousCategoryTest" name="categoryButtonClickTest" time="5.817"/>
  <system-out/>
  <testcase classname="testcasePackage.LiciousCategoryTest" name="validateCategory" time="44.433"/>
  <system-out/>
</testsuite> <!-- testcasePackage.LiciousCategoryTest -->
