<?xml version="1.0" encoding="UTF-8"?>
<!-- Generated by org.testng.reporters.JUnitReportReporter -->
<testsuite hostname="MSI" failures="0" tests="3" name="pom.TestPage" time="1.059" errors="0" timestamp="2026-03-08T12:06:53 IST" skipped="0">
  <testcase classname="pom.TestPage" name="emailFieldTest" time="0.893"/>
  <testcase classname="pom.TestPage" name="pageTitle" time="0.039"/>
  <testcase classname="pom.TestPage" name="passFieldTest" time="0.127"/>
</testsuite> <!-- pom.TestPage -->
